<?xml version="1.0" encoding="UTF-8"?>
<!-- Generated by org.testng.reporters.JUnitReportReporter -->
<testsuite hostname="KoS-PC" failures="0" tests="1" name="com.telesens.rozetka.RozetkaTests" time="43.744" errors="0" timestamp="2019-09-08T13:28:45 EEST" skipped="0">
  <testcase classname="com.telesens.rozetka.RozetkaTests" name="testSort" time="43.744"/>
</testsuite> <!-- com.telesens.rozetka.RozetkaTests -->
