<?xml version="1.0" encoding="UTF-8"?>
<!-- Generated by org.testng.reporters.JUnitReportReporter -->
<testsuite hostname="KoS-PC" failures="0" tests="6" name="com.telesens.automationpractice.AuthTests" time="30.533" errors="0" timestamp="2019-09-08T14:19:21 EEST" skipped="4">
  <testcase classname="com.telesens.automationpractice.AuthTests" name="testAuthSuccess" time="19.969"/>
  <testcase classname="com.telesens.automationpractice.AuthTests" name="testAuthSuccess" time="10.564"/>
  <testcase classname="com.telesens.automationpractice.AuthTests" name="testNumber8">
    <skipped/>
  </testcase> <!-- testNumber8 -->
  <testcase classname="com.telesens.automationpractice.AuthTests" name="testNumber8">
    <skipped/>
  </testcase> <!-- testNumber8 -->
  <testcase classname="com.telesens.automationpractice.AuthTests" name="testAuthErrorMessage">
    <skipped/>
  </testcase> <!-- testAuthErrorMessage -->
  <testcase classname="com.telesens.automationpractice.AuthTests" name="testAuthErrorMessage">
    <skipped/>
  </testcase> <!-- testAuthErrorMessage -->
</testsuite> <!-- com.telesens.automationpractice.AuthTests -->
