<?xml version="1.0" encoding="UTF-8"?>
<!-- Generated by org.testng.reporters.JUnitReportReporter -->
<testsuite hostname="KoS-PC" failures="0" tests="4" name="com.telesens.automationpractice.AuthTests" time="9.815" errors="0" timestamp="2019-09-14T20:03:10 EEST" skipped="3">
  <testcase classname="com.telesens.automationpractice.AuthTests" name="testAuthSuccess" time="9.815"/>
  <testcase classname="com.telesens.automationpractice.AuthTests" name="testAuthSuccess">
    <skipped/>
  </testcase> <!-- testAuthSuccess -->
  <testcase classname="com.telesens.automationpractice.AuthTests" name="testNumber8">
    <skipped/>
  </testcase> <!-- testNumber8 -->
  <testcase classname="com.telesens.automationpractice.AuthTests" name="testAuthErrorMessage">
    <skipped/>
  </testcase> <!-- testAuthErrorMessage -->
</testsuite> <!-- com.telesens.automationpractice.AuthTests -->
