<?xml version="1.0" encoding="UTF-8"?>
<!-- Generated by org.testng.reporters.JUnitReportReporter -->
<testsuite hostname="KoS-PC" failures="0" tests="2" name="com.telesens.rozetka.RozetkaTests" time="32.135" errors="0" timestamp="2019-09-14T20:27:21 EEST" skipped="1">
  <testcase classname="com.telesens.rozetka.RozetkaTests" name="testSort2" time="32.135"/>
  <testcase classname="com.telesens.rozetka.RozetkaTests" name="testSort">
    <skipped/>
  </testcase> <!-- testSort -->
</testsuite> <!-- com.telesens.rozetka.RozetkaTests -->
